{
  "stats": {
    "suites": 1,
    "tests": 2,
    "passes": 2,
    "pending": 0,
    "failures": 0,
    "start": "2024-07-29T17:10:13.126Z",
    "end": "2024-07-29T17:10:42.909Z",
    "duration": 29783,
    "testsRegistered": 2,
    "passPercent": 100,
    "pendingPercent": 0,
    "other": 0,
    "hasOther": false,
    "skipped": 0,
    "hasSkipped": false
  },
  "results": [
    {
      "uuid": "db7965bc-5194-47c8-b45d-254f75b1e43d",
      "title": "",
      "fullFile": "cypress\\e2e\\Naukri\\PageObjectTest\\NaukariLoginTest.cy.js",
      "file": "cypress\\e2e\\Naukri\\PageObjectTest\\NaukariLoginTest.cy.js",
      "beforeHooks": [],
      "afterHooks": [],
      "tests": [],
      "suites": [
        {
          "uuid": "103ba322-e0fb-400d-a8b4-5785360c5315",
          "title": "Login Test",
          "fullFile": "",
          "file": "",
          "beforeHooks": [],
          "afterHooks": [],
          "tests": [
            {
              "title": "Upadte the Resume Headline after login correctly",
              "fullTitle": "Login Test Upadte the Resume Headline after login correctly",
              "timedOut": null,
              "duration": 15860,
              "state": "passed",
              "speed": "slow",
              "pass": true,
              "fail": false,
              "pending": false,
              "context": null,
              "code": "const Name = this.data.user1.name;\nconst AboutSections = this.data.user1.ResumeHeadline;\ncy.NavigateToProfile();\ncy.get(\".widgetHead span.edit.icon\").eq(0).click({\n  force: true\n});\ncy.get(\".resumeHeadlineTxt.materialize-textarea\").should(\"be.visible\").clear().type(AboutSections, {\n  delay: 0\n});\ncy.get(\".action.s12 .btn-dark-ot\").click();\ncy.get(\".fullname\").should(\"have.text\", Name);\ncy.logOut();",
              "err": {},
              "uuid": "287b9400-cb05-40c2-92d2-f641b59ec1ba",
              "parentUUID": "103ba322-e0fb-400d-a8b4-5785360c5315",
              "isHook": false,
              "skipped": false
            },
            {
              "title": "Edite profile for user1",
              "fullTitle": "Login Test Edite profile for user1",
              "timedOut": null,
              "duration": 9902,
              "state": "passed",
              "speed": "medium",
              "pass": true,
              "fail": false,
              "pending": false,
              "context": null,
              "code": "// Object.values(this.data).forEach(function (user) {\nconst Name = this.data.user1.name;\nconst Currentsalary = this.data.user1.CurrentSalary;\ncy.NavigateToProfile();\ncy.get(\"em.icon.edit\").click();\ncy.get(\"#name\").clear().type(Name);\ncy.get(\"label[for='exp-radio']\").click();\ncy.get(\"#ul_exp-years-droope ul li\").invoke(\"show\").contains(\" 10 Years \");\ncy.get(\"#totalAbsCtc_id\").invoke(\"val\").then(text => {\n  let salary = 0;\n  cy.log(text);\n  if (text.includes(\"35,00,000\")) {\n    salary = Currentsalary;\n    cy.log(\"salary\", salary);\n    cy.get(\"#totalAbsCtc_id\").clear().type(salary);\n  } else {\n    salary = 3500000;\n    cy.get(\"#totalAbsCtc_id\").clear().type(salary);\n  }\n});\ncy.get(\"#saveBasicDetailsBtn\").click({\n  force: true\n});\ncy.logOut();",
              "err": {},
              "uuid": "2d01fc6b-3588-4b62-8d81-bd9bd3b63ae7",
              "parentUUID": "103ba322-e0fb-400d-a8b4-5785360c5315",
              "isHook": false,
              "skipped": false
            }
          ],
          "suites": [],
          "passes": [
            "287b9400-cb05-40c2-92d2-f641b59ec1ba",
            "2d01fc6b-3588-4b62-8d81-bd9bd3b63ae7"
          ],
          "failures": [],
          "pending": [],
          "skipped": [],
          "duration": 25762,
          "root": false,
          "rootEmpty": false,
          "_timeout": 2000
        }
      ],
      "passes": [],
      "failures": [],
      "pending": [],
      "skipped": [],
      "duration": 0,
      "root": true,
      "rootEmpty": true,
      "_timeout": 2000
    }
  ],
  "meta": {
    "mocha": {
      "version": "7.0.1"
    },
    "mochawesome": {
      "options": {
        "quiet": false,
        "reportFilename": "mochawesome",
        "saveHtml": false,
        "saveJson": true,
        "consoleReporter": "spec",
        "useInlineDiffs": false,
        "code": true
      },
      "version": "7.1.3"
    },
    "marge": {
      "options": {
        "reportPageTitle": "Report",
        "embeddedScreenshots": true,
        "inlineAssets": true,
        "saveAllAttempts": false,
        "videoOnFailOnly": false,
        "reportDir": "cypress\\reports\\.jsons",
        "overwrite": false,
        "code": true,
        "timeStamp": "longDate",
        "showPassed": true,
        "html": false,
        "json": true,
        "charts": true
      },
      "version": "6.2.0"
    }
  }
}